<?xml version="1.0" encoding="UTF-8"?>
<!-- Generated by org.testng.reporters.JUnitReportReporter -->
<testsuite hostname="AMIYOABHIRUP" name="com.learnautomation.testcases.ver_title" tests="1" failures="0" timestamp="13 Nov 2016 12:59:48 GMT" time="0.034" errors="0">
  <testcase name="verify_title" time="0.034" classname="com.learnautomation.testcases.ver_title"/>
</testsuite> <!-- com.learnautomation.testcases.ver_title -->
