<?xml version="1.0" encoding="UTF-8"?>
<!-- Generated by org.testng.reporters.JUnitReportReporter -->
<testsuite hostname="AMIYOABHIRUP" name="com.learnautomation.testcases.Testcases" tests="1" failures="0" timestamp="17 Nov 2016 16:51:07 GMT" time="0.031" errors="0">
  <testcase name="verify_title" time="0.031" classname="com.learnautomation.testcases.Testcases"/>
</testsuite> <!-- com.learnautomation.testcases.Testcases -->
