<?xml version="1.0" encoding="UTF-8"?>
<!-- Generated by org.testng.reporters.JUnitReportReporter -->
<testsuite hostname="AMIYOABHIRUP" name="com.learnautomation.testcases.verify_Registration" tests="2" failures="0" timestamp="13 Nov 2016 12:59:48 GMT" time="19.060" errors="0">
  <testcase name="Registration" time="18.575" classname="com.learnautomation.testcases.verify_Registration"/>
  <testcase name="Login" time="0.485" classname="com.learnautomation.testcases.verify_Registration"/>
</testsuite> <!-- com.learnautomation.testcases.verify_Registration -->
